1/3/2019 2:07:09 PM	ERROR generating report for deal '_Not_Applicable':
System.Exception: Error whilst creating Excel from SqlDataReader. ---> System.ArgumentException: '', hexadecimal value 0x1A, is an invalid character.
   at System.Xml.XmlUtf8RawTextWriter.InvalidXmlChar(Int32 ch, Byte* pDst, Boolean entitize)
   at System.Xml.XmlUtf8RawTextWriter.WriteElementTextBlock(Char* pSrc, Char* pSrcEnd)
   at System.Xml.XmlUtf8RawTextWriter.WriteString(String text)
   at System.Xml.XmlWellFormedWriter.WriteString(String text)
   at DocumentFormat.OpenXml.OpenXmlLeafTextElement.WriteContentTo(XmlWriter w)
   at DocumentFormat.OpenXml.OpenXmlElement.WriteTo(XmlWriter xmlWriter)
   at DocumentFormat.OpenXml.OpenXmlCompositeElement.WriteContentTo(XmlWriter w)
   at DocumentFormat.OpenXml.OpenXmlElement.WriteTo(XmlWriter xmlWriter)
   at DocumentFormat.OpenXml.OpenXmlPartWriter.WriteElement(OpenXmlElement elementObject)
   at AR_TaskHandler.ExportToXlsx.AddDataToExistingSheetSAX(String docName, String sheetName, SqlDataReader sqlreader, Boolean insertHeader, UInt32 rowIndex) in d:\!!!WORK\Tickets\_AR_TaskHandler\AR_TaskHandler\ExportToXlsx.cs:line 541
   --- End of inner exception stack trace ---
   at AR_TaskHandler.ExportToXlsx.AddDataToExistingSheetSAX(String docName, String sheetName, SqlDataReader sqlreader, Boolean insertHeader, UInt32 rowIndex) in d:\!!!WORK\Tickets\_AR_TaskHandler\AR_TaskHandler\ExportToXlsx.cs:line 577
   at AR_TaskHandler.TaskItemARReport.CreateReportExcel(String outputFile, String sheetName, DealParameters deal, String query, String templateFile) in d:\!!!WORK\Tickets\_AR_TaskHandler\AR_TaskHandler\TaskItemARReport.cs:line 184
   at AR_TaskHandler.TaskItemARReport.PerformForDeal(DealParameters deal) in d:\!!!WORK\Tickets\_AR_TaskHandler\AR_TaskHandler\TaskItemARReport.cs:line 319
   at AR_TaskHandler.TaskItemARReport.Perform() in d:\!!!WORK\Tickets\_AR_TaskHandler\AR_TaskHandler\TaskItemARReport.cs:line 519
1/3/2019 2:51:07 PM	ERROR generating report for deal 'ERICSSON':
System.Exception: Error whilst creating Excel from SqlDataReader. ---> System.ArgumentException: '.', hexadecimal value 0x00, is an invalid character.
   at System.Xml.XmlUtf8RawTextWriter.InvalidXmlChar(Int32 ch, Byte* pDst, Boolean entitize)
   at System.Xml.XmlUtf8RawTextWriter.WriteElementTextBlock(Char* pSrc, Char* pSrcEnd)
   at System.Xml.XmlUtf8RawTextWriter.WriteString(String text)
   at System.Xml.XmlWellFormedWriter.WriteString(String text)
   at DocumentFormat.OpenXml.OpenXmlLeafTextElement.WriteContentTo(XmlWriter w)
   at DocumentFormat.OpenXml.OpenXmlElement.WriteTo(XmlWriter xmlWriter)
   at DocumentFormat.OpenXml.OpenXmlCompositeElement.WriteContentTo(XmlWriter w)
   at DocumentFormat.OpenXml.OpenXmlElement.WriteTo(XmlWriter xmlWriter)
   at DocumentFormat.OpenXml.OpenXmlPartWriter.WriteElement(OpenXmlElement elementObject)
   at AR_TaskHandler.ExportToXlsx.AddDataToExistingSheetSAX(String docName, String sheetName, SqlDataReader sqlreader, Boolean insertHeader, UInt32 rowIndex) in d:\!!!WORK\Tickets\_AR_TaskHandler\AR_TaskHandler\ExportToXlsx.cs:line 541
   --- End of inner exception stack trace ---
   at AR_TaskHandler.ExportToXlsx.AddDataToExistingSheetSAX(String docName, String sheetName, SqlDataReader sqlreader, Boolean insertHeader, UInt32 rowIndex) in d:\!!!WORK\Tickets\_AR_TaskHandler\AR_TaskHandler\ExportToXlsx.cs:line 577
   at AR_TaskHandler.TaskItemARReport.CreateReportExcel(String outputFile, String sheetName, DealParameters deal, String query, String templateFile) in d:\!!!WORK\Tickets\_AR_TaskHandler\AR_TaskHandler\TaskItemARReport.cs:line 184
   at AR_TaskHandler.TaskItemARReport.PerformForDeal(DealParameters deal) in d:\!!!WORK\Tickets\_AR_TaskHandler\AR_TaskHandler\TaskItemARReport.cs:line 319
   at AR_TaskHandler.TaskItemARReport.Perform() in d:\!!!WORK\Tickets\_AR_TaskHandler\AR_TaskHandler\TaskItemARReport.cs:line 519
1/3/2019 3:03:05 PM	ERROR generating report for deal 'PHILIPS ROYAL':
System.Exception: Error whilst creating Excel from SqlDataReader. ---> System.ArgumentException: '', hexadecimal value 0x1A, is an invalid character.
   at System.Xml.XmlUtf8RawTextWriter.InvalidXmlChar(Int32 ch, Byte* pDst, Boolean entitize)
   at System.Xml.XmlUtf8RawTextWriter.WriteElementTextBlock(Char* pSrc, Char* pSrcEnd)
   at System.Xml.XmlUtf8RawTextWriter.WriteString(String text)
   at System.Xml.XmlWellFormedWriter.WriteString(String text)
   at DocumentFormat.OpenXml.OpenXmlLeafTextElement.WriteContentTo(XmlWriter w)
   at DocumentFormat.OpenXml.OpenXmlElement.WriteTo(XmlWriter xmlWriter)
   at DocumentFormat.OpenXml.OpenXmlCompositeElement.WriteContentTo(XmlWriter w)
   at DocumentFormat.OpenXml.OpenXmlElement.WriteTo(XmlWriter xmlWriter)
   at DocumentFormat.OpenXml.OpenXmlPartWriter.WriteElement(OpenXmlElement elementObject)
   at AR_TaskHandler.ExportToXlsx.AddDataToExistingSheetSAX(String docName, String sheetName, SqlDataReader sqlreader, Boolean insertHeader, UInt32 rowIndex) in d:\!!!WORK\Tickets\_AR_TaskHandler\AR_TaskHandler\ExportToXlsx.cs:line 541
   --- End of inner exception stack trace ---
   at AR_TaskHandler.ExportToXlsx.AddDataToExistingSheetSAX(String docName, String sheetName, SqlDataReader sqlreader, Boolean insertHeader, UInt32 rowIndex) in d:\!!!WORK\Tickets\_AR_TaskHandler\AR_TaskHandler\ExportToXlsx.cs:line 577
   at AR_TaskHandler.TaskItemARReport.CreateReportExcel(String outputFile, String sheetName, DealParameters deal, String query, String templateFile) in d:\!!!WORK\Tickets\_AR_TaskHandler\AR_TaskHandler\TaskItemARReport.cs:line 184
   at AR_TaskHandler.TaskItemARReport.PerformForDeal(DealParameters deal) in d:\!!!WORK\Tickets\_AR_TaskHandler\AR_TaskHandler\TaskItemARReport.cs:line 319
   at AR_TaskHandler.TaskItemARReport.Perform() in d:\!!!WORK\Tickets\_AR_TaskHandler\AR_TaskHandler\TaskItemARReport.cs:line 519
1/3/2019 3:06:14 PM	ERROR generating report for deal 'WARTSILA CORPORATION':
System.Exception: Error whilst creating Excel from SqlDataReader. ---> System.ArgumentException: '.', hexadecimal value 0x00, is an invalid character.
   at System.Xml.XmlUtf8RawTextWriter.InvalidXmlChar(Int32 ch, Byte* pDst, Boolean entitize)
   at System.Xml.XmlUtf8RawTextWriter.WriteElementTextBlock(Char* pSrc, Char* pSrcEnd)
   at System.Xml.XmlUtf8RawTextWriter.WriteString(String text)
   at System.Xml.XmlWellFormedWriter.WriteString(String text)
   at DocumentFormat.OpenXml.OpenXmlLeafTextElement.WriteContentTo(XmlWriter w)
   at DocumentFormat.OpenXml.OpenXmlElement.WriteTo(XmlWriter xmlWriter)
   at DocumentFormat.OpenXml.OpenXmlCompositeElement.WriteContentTo(XmlWriter w)
   at DocumentFormat.OpenXml.OpenXmlElement.WriteTo(XmlWriter xmlWriter)
   at DocumentFormat.OpenXml.OpenXmlPartWriter.WriteElement(OpenXmlElement elementObject)
   at AR_TaskHandler.ExportToXlsx.AddDataToExistingSheetSAX(String docName, String sheetName, SqlDataReader sqlreader, Boolean insertHeader, UInt32 rowIndex) in d:\!!!WORK\Tickets\_AR_TaskHandler\AR_TaskHandler\ExportToXlsx.cs:line 541
   --- End of inner exception stack trace ---
   at AR_TaskHandler.ExportToXlsx.AddDataToExistingSheetSAX(String docName, String sheetName, SqlDataReader sqlreader, Boolean insertHeader, UInt32 rowIndex) in d:\!!!WORK\Tickets\_AR_TaskHandler\AR_TaskHandler\ExportToXlsx.cs:line 577
   at AR_TaskHandler.TaskItemARReport.CreateReportExcel(String outputFile, String sheetName, DealParameters deal, String query, String templateFile) in d:\!!!WORK\Tickets\_AR_TaskHandler\AR_TaskHandler\TaskItemARReport.cs:line 184
   at AR_TaskHandler.TaskItemARReport.PerformForDeal(DealParameters deal) in d:\!!!WORK\Tickets\_AR_TaskHandler\AR_TaskHandler\TaskItemARReport.cs:line 319
   at AR_TaskHandler.TaskItemARReport.Perform() in d:\!!!WORK\Tickets\_AR_TaskHandler\AR_TaskHandler\TaskItemARReport.cs:line 519
1/3/2019 3:25:58 PM	ERROR generating report for deal 'SKF':
System.Exception: Error whilst creating Excel from SqlDataReader. ---> System.ArgumentException: '.', hexadecimal value 0x00, is an invalid character.
   at System.Xml.XmlUtf8RawTextWriter.InvalidXmlChar(Int32 ch, Byte* pDst, Boolean entitize)
   at System.Xml.XmlUtf8RawTextWriter.WriteElementTextBlock(Char* pSrc, Char* pSrcEnd)
   at System.Xml.XmlUtf8RawTextWriter.WriteString(String text)
   at System.Xml.XmlWellFormedWriter.WriteString(String text)
   at DocumentFormat.OpenXml.OpenXmlLeafTextElement.WriteContentTo(XmlWriter w)
   at DocumentFormat.OpenXml.OpenXmlElement.WriteTo(XmlWriter xmlWriter)
   at DocumentFormat.OpenXml.OpenXmlCompositeElement.WriteContentTo(XmlWriter w)
   at DocumentFormat.OpenXml.OpenXmlElement.WriteTo(XmlWriter xmlWriter)
   at DocumentFormat.OpenXml.OpenXmlPartWriter.WriteElement(OpenXmlElement elementObject)
   at AR_TaskHandler.ExportToXlsx.AddDataToExistingSheetSAX(String docName, String sheetName, SqlDataReader sqlreader, Boolean insertHeader, UInt32 rowIndex) in d:\!!!WORK\Tickets\_AR_TaskHandler\AR_TaskHandler\ExportToXlsx.cs:line 541
   --- End of inner exception stack trace ---
   at AR_TaskHandler.ExportToXlsx.AddDataToExistingSheetSAX(String docName, String sheetName, SqlDataReader sqlreader, Boolean insertHeader, UInt32 rowIndex) in d:\!!!WORK\Tickets\_AR_TaskHandler\AR_TaskHandler\ExportToXlsx.cs:line 577
   at AR_TaskHandler.TaskItemARReport.CreateReportExcel(String outputFile, String sheetName, DealParameters deal, String query, String templateFile) in d:\!!!WORK\Tickets\_AR_TaskHandler\AR_TaskHandler\TaskItemARReport.cs:line 184
   at AR_TaskHandler.TaskItemARReport.PerformForDeal(DealParameters deal) in d:\!!!WORK\Tickets\_AR_TaskHandler\AR_TaskHandler\TaskItemARReport.cs:line 319
   at AR_TaskHandler.TaskItemARReport.Perform() in d:\!!!WORK\Tickets\_AR_TaskHandler\AR_TaskHandler\TaskItemARReport.cs:line 519
1/3/2019 3:52:08 PM	ERROR generating report for deal 'Rothschild':
System.Exception: Error whilst creating Excel from SqlDataReader. ---> System.ArgumentException: '.', hexadecimal value 0x00, is an invalid character.
   at System.Xml.XmlUtf8RawTextWriter.InvalidXmlChar(Int32 ch, Byte* pDst, Boolean entitize)
   at System.Xml.XmlUtf8RawTextWriter.WriteElementTextBlock(Char* pSrc, Char* pSrcEnd)
   at System.Xml.XmlUtf8RawTextWriter.WriteString(String text)
   at System.Xml.XmlWellFormedWriter.WriteString(String text)
   at DocumentFormat.OpenXml.OpenXmlLeafTextElement.WriteContentTo(XmlWriter w)
   at DocumentFormat.OpenXml.OpenXmlElement.WriteTo(XmlWriter xmlWriter)
   at DocumentFormat.OpenXml.OpenXmlCompositeElement.WriteContentTo(XmlWriter w)
   at DocumentFormat.OpenXml.OpenXmlElement.WriteTo(XmlWriter xmlWriter)
   at DocumentFormat.OpenXml.OpenXmlPartWriter.WriteElement(OpenXmlElement elementObject)
   at AR_TaskHandler.ExportToXlsx.AddDataToExistingSheetSAX(String docName, String sheetName, SqlDataReader sqlreader, Boolean insertHeader, UInt32 rowIndex) in d:\!!!WORK\Tickets\_AR_TaskHandler\AR_TaskHandler\ExportToXlsx.cs:line 541
   --- End of inner exception stack trace ---
   at AR_TaskHandler.ExportToXlsx.AddDataToExistingSheetSAX(String docName, String sheetName, SqlDataReader sqlreader, Boolean insertHeader, UInt32 rowIndex) in d:\!!!WORK\Tickets\_AR_TaskHandler\AR_TaskHandler\ExportToXlsx.cs:line 577
   at AR_TaskHandler.TaskItemARReport.CreateReportExcel(String outputFile, String sheetName, DealParameters deal, String query, String templateFile) in d:\!!!WORK\Tickets\_AR_TaskHandler\AR_TaskHandler\TaskItemARReport.cs:line 184
   at AR_TaskHandler.TaskItemARReport.PerformForDeal(DealParameters deal) in d:\!!!WORK\Tickets\_AR_TaskHandler\AR_TaskHandler\TaskItemARReport.cs:line 319
   at AR_TaskHandler.TaskItemARReport.Perform() in d:\!!!WORK\Tickets\_AR_TaskHandler\AR_TaskHandler\TaskItemARReport.cs:line 519
