3/1/2018 2:55:25 PM	ERROR generating report for deal 'ERICSSON':
System.Exception: Error whilst creating Excel from SqlDataReader. ---> System.Data.SqlClient.SqlException: Transaction (Process ID 74) was deadlocked on lock resources with another process and has been chosen as the deadlock victim. Rerun the transaction.
   at System.Data.SqlClient.SqlConnection.OnError(SqlException exception, Boolean breakConnection, Action`1 wrapCloseInAction)
   at System.Data.SqlClient.SqlInternalConnection.OnError(SqlException exception, Boolean breakConnection, Action`1 wrapCloseInAction)
   at System.Data.SqlClient.TdsParser.ThrowExceptionAndWarning(TdsParserStateObject stateObj, Boolean callerHasConnectionLock, Boolean asyncClose)
   at System.Data.SqlClient.TdsParser.TryRun(RunBehavior runBehavior, SqlCommand cmdHandler, SqlDataReader dataStream, BulkCopySimpleResultSet bulkCopyHandler, TdsParserStateObject stateObj, Boolean& dataReady)
   at System.Data.SqlClient.SqlDataReader.TryHasMoreRows(Boolean& moreRows)
   at System.Data.SqlClient.SqlDataReader.TryReadInternal(Boolean setTimeout, Boolean& more)
   at System.Data.SqlClient.SqlDataReader.Read()
   at AR_TaskHandler.ExportToXlsx.AddDataToExistingSheetSAX(String docName, String sheetName, SqlDataReader sqlreader, Boolean insertHeader, UInt32 rowIndex) in d:\!!!WORK\Tickets\_AR_TaskHandler\AR_TaskHandler\ExportToXlsx.cs:line 526
   --- End of inner exception stack trace ---
   at AR_TaskHandler.ExportToXlsx.AddDataToExistingSheetSAX(String docName, String sheetName, SqlDataReader sqlreader, Boolean insertHeader, UInt32 rowIndex) in d:\!!!WORK\Tickets\_AR_TaskHandler\AR_TaskHandler\ExportToXlsx.cs:line 577
   at AR_TaskHandler.TaskItemARReport.CreateReportExcel(String outputFile, String sheetName, DealParameters deal, String query, String templateFile) in d:\!!!WORK\Tickets\_AR_TaskHandler\AR_TaskHandler\TaskItemARReport.cs:line 184
   at AR_TaskHandler.TaskItemARReport.PerformForDeal(DealParameters deal) in d:\!!!WORK\Tickets\_AR_TaskHandler\AR_TaskHandler\TaskItemARReport.cs:line 319
   at AR_TaskHandler.TaskItemARReport.Perform() in d:\!!!WORK\Tickets\_AR_TaskHandler\AR_TaskHandler\TaskItemARReport.cs:line 519
3/1/2018 3:12:57 PM	ERROR generating report for deal 'Deutsche Bank Nucleus':
System.Exception: Error whilst creating Excel from SqlDataReader. ---> System.Data.SqlClient.SqlException: Transaction (Process ID 74) was deadlocked on lock resources with another process and has been chosen as the deadlock victim. Rerun the transaction.
   at System.Data.SqlClient.SqlConnection.OnError(SqlException exception, Boolean breakConnection, Action`1 wrapCloseInAction)
   at System.Data.SqlClient.SqlInternalConnection.OnError(SqlException exception, Boolean breakConnection, Action`1 wrapCloseInAction)
   at System.Data.SqlClient.TdsParser.ThrowExceptionAndWarning(TdsParserStateObject stateObj, Boolean callerHasConnectionLock, Boolean asyncClose)
   at System.Data.SqlClient.TdsParser.TryRun(RunBehavior runBehavior, SqlCommand cmdHandler, SqlDataReader dataStream, BulkCopySimpleResultSet bulkCopyHandler, TdsParserStateObject stateObj, Boolean& dataReady)
   at System.Data.SqlClient.SqlDataReader.TryHasMoreRows(Boolean& moreRows)
   at System.Data.SqlClient.SqlDataReader.TryReadInternal(Boolean setTimeout, Boolean& more)
   at System.Data.SqlClient.SqlDataReader.Read()
   at AR_TaskHandler.ExportToXlsx.AddDataToExistingSheetSAX(String docName, String sheetName, SqlDataReader sqlreader, Boolean insertHeader, UInt32 rowIndex) in d:\!!!WORK\Tickets\_AR_TaskHandler\AR_TaskHandler\ExportToXlsx.cs:line 526
   --- End of inner exception stack trace ---
   at AR_TaskHandler.ExportToXlsx.AddDataToExistingSheetSAX(String docName, String sheetName, SqlDataReader sqlreader, Boolean insertHeader, UInt32 rowIndex) in d:\!!!WORK\Tickets\_AR_TaskHandler\AR_TaskHandler\ExportToXlsx.cs:line 577
   at AR_TaskHandler.TaskItemARReport.CreateReportExcel(String outputFile, String sheetName, DealParameters deal, String query, String templateFile) in d:\!!!WORK\Tickets\_AR_TaskHandler\AR_TaskHandler\TaskItemARReport.cs:line 184
   at AR_TaskHandler.TaskItemARReport.PerformForDeal(DealParameters deal) in d:\!!!WORK\Tickets\_AR_TaskHandler\AR_TaskHandler\TaskItemARReport.cs:line 319
   at AR_TaskHandler.TaskItemARReport.Perform() in d:\!!!WORK\Tickets\_AR_TaskHandler\AR_TaskHandler\TaskItemARReport.cs:line 519
3/1/2018 3:13:02 PM	ERROR: System.Data.SqlClient.SqlException (0x80131904): Transaction (Process ID 52) was deadlocked on lock resources with another process and has been chosen as the deadlock victim. Rerun the transaction.
   at System.Data.SqlClient.SqlConnection.OnError(SqlException exception, Boolean breakConnection, Action`1 wrapCloseInAction)
   at System.Data.SqlClient.SqlInternalConnection.OnError(SqlException exception, Boolean breakConnection, Action`1 wrapCloseInAction)
   at System.Data.SqlClient.TdsParser.ThrowExceptionAndWarning(TdsParserStateObject stateObj, Boolean callerHasConnectionLock, Boolean asyncClose)
   at System.Data.SqlClient.TdsParser.TryRun(RunBehavior runBehavior, SqlCommand cmdHandler, SqlDataReader dataStream, BulkCopySimpleResultSet bulkCopyHandler, TdsParserStateObject stateObj, Boolean& dataReady)
   at System.Data.SqlClient.SqlCommand.FinishExecuteReader(SqlDataReader ds, RunBehavior runBehavior, String resetOptionsString)
   at System.Data.SqlClient.SqlCommand.RunExecuteReaderTds(CommandBehavior cmdBehavior, RunBehavior runBehavior, Boolean returnStream, Boolean async, Int32 timeout, Task& task, Boolean asyncWrite, SqlDataReader ds)
   at System.Data.SqlClient.SqlCommand.RunExecuteReader(CommandBehavior cmdBehavior, RunBehavior runBehavior, Boolean returnStream, String method, TaskCompletionSource`1 completion, Int32 timeout, Task& task, Boolean asyncWrite)
   at System.Data.SqlClient.SqlCommand.InternalExecuteNonQuery(TaskCompletionSource`1 completion, String methodName, Boolean sendToPipe, Int32 timeout, Boolean asyncWrite)
   at System.Data.SqlClient.SqlCommand.ExecuteNonQuery()
   at AR_TaskHandler.TaskItem.MonitoringUpdate(Int32 iCurrent, Int32 iError, Int32 iFatal, Int32 iIgnored, Int32 iInserted, Int32 iUpdated, Int32 iCnt) in d:\!!!WORK\Tickets\_AR_TaskHandler\AR_TaskHandler\Tasks.cs:line 357
   at AR_TaskHandler.TaskItemARReport.Perform() in d:\!!!WORK\Tickets\_AR_TaskHandler\AR_TaskHandler\TaskItemARReport.cs:line 530
   at AR_TaskHandler.Tasks.Perform() in d:\!!!WORK\Tickets\_AR_TaskHandler\AR_TaskHandler\Tasks.cs:line 418
   at AR_TaskHandler.Program.Main(String[] args) in d:\!!!WORK\Tickets\_AR_TaskHandler\AR_TaskHandler\Program.cs:line 346
ClientConnectionId:5ce2d976-4030-4af9-a080-826b673177b1
