1/7/2019 7:08:08 AM	ERROR: System.Data.SqlClient.SqlException (0x80131904): Transaction (Process ID 51) was deadlocked on lock | communication buffer resources with another process and has been chosen as the deadlock victim. Rerun the transaction.
Transform BASE: History records - current: 0, sum: 0
Transform BASE: Updated records - current: 0, sum: 0
Transform BASE: Inserted records - current: 0, sum: 0
Transform BASE: History records - current: 91746, sum: 91746
Transform BASE: Updated records - current: 0, sum: 0
Transform BASE: Inserted records - current: 0, sum: 0
Transform BASE: History records - current: 99929, sum: 191675
Transform BASE: Updated records - current: 99929, sum: 99929
Transform BASE: Inserted records - current: 71, sum: 71
Transform BASE: History records - current: 78004, sum: 269679
Transform BASE: Updated records - current: 78004, sum: 177933
Transform BASE: Inserted records - current: 462, sum: 533
Transform BASE: History records - current: 45166, sum: 314845
Transform BASE: Updated records - current: 45166, sum: 223099
SQL procedure 'sp_Transform_BASE': Something went wrong. Batch: LowID = 400001, HighID = 500001. Detail: Transaction (Process ID 51) was deadlocked on lock | communication buffer resources with another process and has been chosen as the deadlock victim. Rerun the transaction.
   at System.Data.SqlClient.SqlConnection.OnError(SqlException exception, Boolean breakConnection, Action`1 wrapCloseInAction)
   at System.Data.SqlClient.SqlInternalConnection.OnError(SqlException exception, Boolean breakConnection, Action`1 wrapCloseInAction)
   at System.Data.SqlClient.TdsParser.ThrowExceptionAndWarning(TdsParserStateObject stateObj, Boolean callerHasConnectionLock, Boolean asyncClose)
   at System.Data.SqlClient.TdsParser.TryRun(RunBehavior runBehavior, SqlCommand cmdHandler, SqlDataReader dataStream, BulkCopySimpleResultSet bulkCopyHandler, TdsParserStateObject stateObj, Boolean& dataReady)
   at System.Data.SqlClient.SqlCommand.FinishExecuteReader(SqlDataReader ds, RunBehavior runBehavior, String resetOptionsString)
   at System.Data.SqlClient.SqlCommand.RunExecuteReaderTds(CommandBehavior cmdBehavior, RunBehavior runBehavior, Boolean returnStream, Boolean async, Int32 timeout, Task& task, Boolean asyncWrite, SqlDataReader ds)
   at System.Data.SqlClient.SqlCommand.RunExecuteReader(CommandBehavior cmdBehavior, RunBehavior runBehavior, Boolean returnStream, String method, TaskCompletionSource`1 completion, Int32 timeout, Task& task, Boolean asyncWrite)
   at System.Data.SqlClient.SqlCommand.InternalExecuteNonQuery(TaskCompletionSource`1 completion, String methodName, Boolean sendToPipe, Int32 timeout, Boolean asyncWrite)
   at System.Data.SqlClient.SqlCommand.ExecuteNonQuery()
   at AR_TaskHandler.TaskItemQuery.Perform() in d:\!!!WORK\Tickets\_AR_TaskHandler\AR_TaskHandler\TaskItemQuery.cs:line 45
   at AR_TaskHandler.Tasks.Perform() in d:\!!!WORK\Tickets\_AR_TaskHandler\AR_TaskHandler\Tasks.cs:line 418
   at AR_TaskHandler.Program.Main(String[] args) in d:\!!!WORK\Tickets\_AR_TaskHandler\AR_TaskHandler\Program.cs:line 346
ClientConnectionId:00d184d1-d099-413e-aa42-67f3394fe8f0
Error Number:1205,State:80,Class:13
